<?xml version="1.0" encoding="UTF-8"?>
<testng-results ignored="0" total="1" passed="1" failed="0" skipped="0">
  <reporter-output>
  </reporter-output>
  <suite started-at="2026-01-31T12:41:49 UTC" name="Surefire suite" finished-at="2026-01-31T12:42:45 UTC" duration-ms="56152">
    <groups>
    </groups>
    <test started-at="2026-01-31T12:41:49 UTC" name="Surefire test" finished-at="2026-01-31T12:42:45 UTC" duration-ms="56152">
      <class name="com.harel.tests.TravelInsuranceTest">
        <test-method is-config="true" signature="setUp()[pri:0, instance:com.harel.tests.TravelInsuranceTest@671a5887]" started-at="2026-01-31T12:41:49 UTC" name="setUp" finished-at="2026-01-31T12:42:05 UTC" duration-ms="15840" status="PASS">
          <reporter-output>
          </reporter-output>
        </test-method> <!-- setUp -->
        <test-method signature="testTravelInsuranceFlow()[pri:0, instance:com.harel.tests.TravelInsuranceTest@671a5887]" started-at="2026-01-31T12:42:05 UTC" name="testTravelInsuranceFlow" finished-at="2026-01-31T12:42:40 UTC" duration-ms="35130" status="PASS">
          <reporter-output>
          </reporter-output>
        </test-method> <!-- testTravelInsuranceFlow -->
        <test-method is-config="true" signature="tearDown()[pri:0, instance:com.harel.tests.TravelInsuranceTest@671a5887]" started-at="2026-01-31T12:42:40 UTC" name="tearDown" finished-at="2026-01-31T12:42:45 UTC" duration-ms="5141" status="PASS">
          <reporter-output>
          </reporter-output>
        </test-method> <!-- tearDown -->
      </class> <!-- com.harel.tests.TravelInsuranceTest -->
    </test> <!-- Surefire test -->
  </suite> <!-- Surefire suite -->
</testng-results>
