<?xml version="1.0" encoding="UTF-8"?>
<!-- Generated by org.testng.reporters.JUnitXMLReporter -->
<testsuite ignored="0" hostname="h-MacBook-Pro-sl-ben-3.local" failures="1" tests="1" name="Surefire test" time="25.592" errors="0" timestamp="2026-01-31T12:16:07 IST">
  <testcase classname="com.harel.tests.TravelInsuranceTest" name="testTravelInsuranceFlow" time="19.41">
    <failure type="java.lang.RuntimeException" message="Failed to select date: 2026-03-09">
      <![CDATA[java.lang.RuntimeException: Failed to select date: 2026-03-09
at com.harel.pages.DateSelectionPage.selectDate(DateSelectionPage.java:71)
at com.harel.pages.DateSelectionPage.selectDates(DateSelectionPage.java:20)
at com.harel.tests.TravelInsuranceTest.testTravelInsuranceFlow(TravelInsuranceTest.java:50)
at java.base/java.util.ArrayList.forEach(ArrayList.java:1596)
... Removed 30 stack frames]]>
    </failure>
  </testcase> <!-- testTravelInsuranceFlow -->
</testsuite> <!-- Surefire test -->
